  Monster.cpp
D:\游侠 attack\my-demo-master\CarrotFantasyDemo\CarrotFantasyDemo\BaseTower.h(24,44): warning C4244: “初始化”: 从“double”转换到“const int”，可能丢失数据
D:\游侠 attack\my-demo-master\CarrotFantasyDemo\CarrotFantasyDemo\BaseTower.h(24,62): warning C4244: “初始化”: 从“double”转换到“const int”，可能丢失数据
D:\游侠 attack\my-demo-master\CarrotFantasyDemo\CarrotFantasyDemo\BaseTower.h(24,93): warning C4244: “初始化”: 从“double”转换到“int”，可能丢失数据
D:\游侠 attack\my-demo-master\CarrotFantasyDemo\CarrotFantasyDemo\BaseMonster.h(12,25): warning C4244: “初始化”: 从“double”转换到“int”，可能丢失数据
D:\游侠 attack\my-demo-master\CarrotFantasyDemo\CarrotFantasyDemo\BaseMonster.h(12,18): warning C4244: “初始化”: 从“double”转换到“const int”，可能丢失数据
D:\游侠 attack\my-demo-master\CarrotFantasyDemo\CarrotFantasyDemo\BaseMonster.h(15,25): warning C4244: “初始化”: 从“double”转换到“int”，可能丢失数据
D:\游侠 attack\my-demo-master\CarrotFantasyDemo\CarrotFantasyDemo\BaseMonster.h(15,18): warning C4244: “初始化”: 从“double”转换到“const int”，可能丢失数据
D:\游侠 attack\my-demo-master\CarrotFantasyDemo\CarrotFantasyDemo\Monster.h(51,65): warning C4244: “参数”: 从“double”转换到“int”，可能丢失数据
D:\游侠 attack\my-demo-master\CarrotFantasyDemo\CarrotFantasyDemo\Monster.h(51,55): warning C4244: “参数”: 从“double”转换到“int”，可能丢失数据
D:\游侠 attack\my-demo-master\CarrotFantasyDemo\CarrotFantasyDemo\Monster.h(51,48): warning C4244: “参数”: 从“double”转换到“int”，可能丢失数据
D:\游侠 attack\my-demo-master\CarrotFantasyDemo\CarrotFantasyDemo\Monster.h(51,39): warning C4244: “参数”: 从“const double”转换到“int”，可能丢失数据
D:\游侠 attack\my-demo-master\CarrotFantasyDemo\CarrotFantasyDemo\Monster.h(56,64): warning C4244: “参数”: 从“double”转换到“int”，可能丢失数据
D:\游侠 attack\my-demo-master\CarrotFantasyDemo\CarrotFantasyDemo\Monster.h(56,55): warning C4244: “参数”: 从“double”转换到“int”，可能丢失数据
D:\游侠 attack\my-demo-master\CarrotFantasyDemo\CarrotFantasyDemo\Monster.h(56,48): warning C4244: “参数”: 从“double”转换到“int”，可能丢失数据
D:\游侠 attack\my-demo-master\CarrotFantasyDemo\CarrotFantasyDemo\Monster.h(56,39): warning C4244: “参数”: 从“const double”转换到“int”，可能丢失数据
D:\游侠 attack\my-demo-master\CarrotFantasyDemo\CarrotFantasyDemo\Monster.h(61,72): warning C4244: “参数”: 从“double”转换到“int”，可能丢失数据
D:\游侠 attack\my-demo-master\CarrotFantasyDemo\CarrotFantasyDemo\Monster.h(61,59): warning C4244: “参数”: 从“double”转换到“int”，可能丢失数据
D:\游侠 attack\my-demo-master\CarrotFantasyDemo\CarrotFantasyDemo\Monster.h(61,49): warning C4244: “参数”: 从“double”转换到“int”，可能丢失数据
D:\游侠 attack\my-demo-master\CarrotFantasyDemo\CarrotFantasyDemo\Monster.h(61,39): warning C4244: “参数”: 从“const double”转换到“int”，可能丢失数据
D:\游侠 attack\my-demo-master\CarrotFantasyDemo\CarrotFantasyDemo\Monster.h(66,72): warning C4244: “参数”: 从“double”转换到“int”，可能丢失数据
D:\游侠 attack\my-demo-master\CarrotFantasyDemo\CarrotFantasyDemo\Monster.h(66,59): warning C4244: “参数”: 从“double”转换到“int”，可能丢失数据
D:\游侠 attack\my-demo-master\CarrotFantasyDemo\CarrotFantasyDemo\Monster.h(66,49): warning C4244: “参数”: 从“double”转换到“int”，可能丢失数据
D:\游侠 attack\my-demo-master\CarrotFantasyDemo\CarrotFantasyDemo\Monster.h(66,39): warning C4244: “参数”: 从“const double”转换到“int”，可能丢失数据
D:\游侠 attack\my-demo-master\CarrotFantasyDemo\CarrotFantasyDemo\Monster.h(71,72): warning C4244: “参数”: 从“double”转换到“int”，可能丢失数据
D:\游侠 attack\my-demo-master\CarrotFantasyDemo\CarrotFantasyDemo\Monster.h(71,59): warning C4244: “参数”: 从“double”转换到“int”，可能丢失数据
D:\游侠 attack\my-demo-master\CarrotFantasyDemo\CarrotFantasyDemo\Monster.h(71,49): warning C4244: “参数”: 从“double”转换到“int”，可能丢失数据
D:\游侠 attack\my-demo-master\CarrotFantasyDemo\CarrotFantasyDemo\Monster.h(71,39): warning C4244: “参数”: 从“const double”转换到“int”，可能丢失数据
D:\游侠 attack\my-demo-master\CarrotFantasyDemo\CarrotFantasyDemo\Monster.h(76,84): warning C4244: “参数”: 从“double”转换到“int”，可能丢失数据
D:\游侠 attack\my-demo-master\CarrotFantasyDemo\CarrotFantasyDemo\Monster.h(76,73): warning C4244: “参数”: 从“double”转换到“int”，可能丢失数据
D:\游侠 attack\my-demo-master\CarrotFantasyDemo\CarrotFantasyDemo\Monster.h(76,60): warning C4244: “参数”: 从“double”转换到“int”，可能丢失数据
D:\游侠 attack\my-demo-master\CarrotFantasyDemo\CarrotFantasyDemo\Monster.h(76,49): warning C4244: “参数”: 从“double”转换到“int”，可能丢失数据
D:\游侠 attack\my-demo-master\CarrotFantasyDemo\CarrotFantasyDemo\Monster.h(76,39): warning C4244: “参数”: 从“const double”转换到“int”，可能丢失数据
D:\游侠 attack\my-demo-master\CarrotFantasyDemo\CarrotFantasyDemo\Monster.cpp(79,60): warning C4244: “参数”: 从“double”转换到“int”，可能丢失数据
D:\游侠 attack\my-demo-master\CarrotFantasyDemo\CarrotFantasyDemo\Monster.cpp(79,53): warning C4244: “参数”: 从“double”转换到“int”，可能丢失数据
D:\游侠 attack\my-demo-master\CarrotFantasyDemo\CarrotFantasyDemo\Monster.cpp(79,40): warning C4244: “参数”: 从“double”转换到“int”，可能丢失数据
D:\游侠 attack\my-demo-master\CarrotFantasyDemo\CarrotFantasyDemo\Monster.cpp(79,24): warning C4244: “参数”: 从“double”转换到“int”，可能丢失数据
D:\游侠 attack\my-demo-master\CarrotFantasyDemo\CarrotFantasyDemo\Monster.cpp(81,56): warning C4244: “参数”: 从“double”转换到“int”，可能丢失数据
D:\游侠 attack\my-demo-master\CarrotFantasyDemo\CarrotFantasyDemo\Monster.cpp(81,48): warning C4244: “参数”: 从“double”转换到“int”，可能丢失数据
D:\游侠 attack\my-demo-master\CarrotFantasyDemo\CarrotFantasyDemo\Monster.cpp(81,34): warning C4244: “参数”: 从“double”转换到“int”，可能丢失数据
D:\游侠 attack\my-demo-master\CarrotFantasyDemo\CarrotFantasyDemo\Monster.cpp(81,20): warning C4244: “参数”: 从“double”转换到“int”，可能丢失数据
D:\游侠 attack\my-demo-master\CarrotFantasyDemo\CarrotFantasyDemo\Monster.cpp(83,97): warning C4244: “参数”: 从“double”转换到“int”，可能丢失数据
D:\游侠 attack\my-demo-master\CarrotFantasyDemo\CarrotFantasyDemo\Monster.cpp(83,55): warning C4244: “参数”: 从“double”转换到“int”，可能丢失数据
D:\游侠 attack\my-demo-master\CarrotFantasyDemo\CarrotFantasyDemo\Monster.cpp(83,34): warning C4244: “参数”: 从“double”转换到“int”，可能丢失数据
D:\游侠 attack\my-demo-master\CarrotFantasyDemo\CarrotFantasyDemo\Monster.cpp(83,20): warning C4244: “参数”: 从“double”转换到“int”，可能丢失数据
D:\游侠 attack\my-demo-master\CarrotFantasyDemo\CarrotFantasyDemo\Monster.cpp(87,16): warning C4244: “参数”: 从“double”转换到“int”，可能丢失数据
D:\游侠 attack\my-demo-master\CarrotFantasyDemo\CarrotFantasyDemo\Monster.cpp(87,12): warning C4244: “参数”: 从“double”转换到“int”，可能丢失数据
D:\游侠 attack\my-demo-master\CarrotFantasyDemo\CarrotFantasyDemo\Monster.cpp(88,16): warning C4244: “参数”: 从“double”转换到“int”，可能丢失数据
D:\游侠 attack\my-demo-master\CarrotFantasyDemo\CarrotFantasyDemo\Monster.cpp(88,12): warning C4244: “参数”: 从“double”转换到“int”，可能丢失数据
D:\游侠 attack\my-demo-master\CarrotFantasyDemo\CarrotFantasyDemo\Monster.cpp(92,16): warning C4244: “参数”: 从“double”转换到“int”，可能丢失数据
D:\游侠 attack\my-demo-master\CarrotFantasyDemo\CarrotFantasyDemo\Monster.cpp(92,12): warning C4244: “参数”: 从“double”转换到“int”，可能丢失数据
D:\游侠 attack\my-demo-master\CarrotFantasyDemo\CarrotFantasyDemo\Monster.cpp(93,16): warning C4244: “参数”: 从“double”转换到“int”，可能丢失数据
D:\游侠 attack\my-demo-master\CarrotFantasyDemo\CarrotFantasyDemo\Monster.cpp(93,12): warning C4244: “参数”: 从“double”转换到“int”，可能丢失数据
D:\游侠 attack\my-demo-master\CarrotFantasyDemo\CarrotFantasyDemo\Monster.cpp(98,27): warning C4244: “参数”: 从“double”转换到“int”，可能丢失数据
D:\游侠 attack\my-demo-master\CarrotFantasyDemo\CarrotFantasyDemo\Monster.cpp(98,14): warning C4244: “参数”: 从“double”转换到“int”，可能丢失数据
D:\游侠 attack\my-demo-master\CarrotFantasyDemo\CarrotFantasyDemo\Monster.cpp(99,27): warning C4244: “参数”: 从“double”转换到“int”，可能丢失数据
D:\游侠 attack\my-demo-master\CarrotFantasyDemo\CarrotFantasyDemo\Monster.cpp(99,14): warning C4244: “参数”: 从“double”转换到“int”，可能丢失数据
  CarrotFantasyDemo.vcxproj -> D:\游侠 attack\my-demo-master\CarrotFantasyDemo\Debug\CarrotFantasyDemo.exe
