z:\计算机图形学作业\cppprimer\carrotfantasydemo\carrotfantasydemo\debug\vc142.pdb
z:\计算机图形学作业\cppprimer\carrotfantasydemo\carrotfantasydemo\debug\vc142.idb
z:\计算机图形学作业\cppprimer\carrotfantasydemo\carrotfantasydemo\debug\tower.obj
z:\计算机图形学作业\cppprimer\carrotfantasydemo\carrotfantasydemo\debug\main.obj
z:\计算机图形学作业\cppprimer\carrotfantasydemo\carrotfantasydemo\debug\bulllet.obj
z:\计算机图形学作业\cppprimer\carrotfantasydemo\carrotfantasydemo\debug\monster.obj
z:\计算机图形学作业\cppprimer\carrotfantasydemo\carrotfantasydemo\debug\block.obj
z:\计算机图形学作业\cppprimer\carrotfantasydemo\carrotfantasydemo\debug\blockstate.obj
z:\计算机图形学作业\cppprimer\carrotfantasydemo\carrotfantasydemo\debug\icetower.obj
z:\计算机图形学作业\cppprimer\carrotfantasydemo\carrotfantasydemo\debug\flametower.obj
z:\计算机图形学作业\cppprimer\carrotfantasydemo\carrotfantasydemo\debug\basetower.obj
z:\计算机图形学作业\cppprimer\carrotfantasydemo\carrotfantasydemo\debug\icebullet.obj
z:\计算机图形学作业\cppprimer\carrotfantasydemo\carrotfantasydemo\debug\basebullet.obj
z:\计算机图形学作业\cppprimer\carrotfantasydemo\carrotfantasydemo\debug\basemonster.obj
z:\计算机图形学作业\cppprimer\carrotfantasydemo\carrotfantasydemo\debug\breed.obj
z:\计算机图形学作业\cppprimer\carrotfantasydemo\carrotfantasydemo\debug\game.obj
z:\计算机图形学作业\cppprimer\carrotfantasydemo\carrotfantasydemo\debug\deathitem.obj
z:\计算机图形学作业\cppprimer\carrotfantasydemo\carrotfantasydemo\debug\globalvar.obj
z:\计算机图形学作业\cppprimer\carrotfantasydemo\carrotfantasydemo\debug\monsterinit.obj
z:\计算机图形学作业\cppprimer\carrotfantasydemo\debug\carrotfantasydemo.exe
z:\计算机图形学作业\cppprimer\carrotfantasydemo\debug\carrotfantasydemo.ilk
z:\计算机图形学作业\cppprimer\carrotfantasydemo\debug\carrotfantasydemo.pdb
z:\计算机图形学作业\cppprimer\carrotfantasydemo\carrotfantasydemo\debug\bullet.obj
z:\计算机图形学作业\cppprimer\carrotfantasydemo\carrotfantasydemo\debug\bulllet.obj.enc
z:\计算机图形学作业\cppprimer\carrotfantasydemo\carrotfantasydemo\debug\main.obj.enc
z:\计算机图形学作业\cppprimer\carrotfantasydemo\carrotfantasydemo\debug\monster.obj.enc
z:\计算机图形学作业\cppprimer\carrotfantasydemo\carrotfantasydemo\debug\tower.obj.enc
z:\计算机图形学作业\cppprimer\carrotfantasydemo\carrotfantasydemo\debug\carrotfa.719e7caf.tlog\cl.command.1.tlog
z:\计算机图形学作业\cppprimer\carrotfantasydemo\carrotfantasydemo\debug\carrotfa.719e7caf.tlog\cl.read.1.tlog
z:\计算机图形学作业\cppprimer\carrotfantasydemo\carrotfantasydemo\debug\carrotfa.719e7caf.tlog\cl.write.1.tlog
z:\计算机图形学作业\cppprimer\carrotfantasydemo\carrotfantasydemo\debug\carrotfa.719e7caf.tlog\link.command.1.tlog
z:\计算机图形学作业\cppprimer\carrotfantasydemo\carrotfantasydemo\debug\carrotfa.719e7caf.tlog\link.read.1.tlog
z:\计算机图形学作业\cppprimer\carrotfantasydemo\carrotfantasydemo\debug\carrotfa.719e7caf.tlog\link.write.1.tlog
